\BOOKMARK [0][]{section*.1}{\376\377\000L\000i\000s\000t\000\040\000o\000f\000\040\000T\000a\000b\000l\000e\000s}{}% 1
\BOOKMARK [0][]{section*.2}{\376\377\000L\000i\000s\000t\000\040\000o\000f\000\040\000F\000i\000g\000u\000r\000e\000s}{}% 2
\BOOKMARK [0][]{section*.2}{\376\377\000L\000i\000s\000t\000i\000n\000g\000s}{}% 3
\BOOKMARK [0][]{section*.2}{\376\377\000A\000c\000r\000o\000n\000y\000m\000s}{}% 4
\BOOKMARK [0][]{chapter.1}{\376\377\000I\000n\000t\000r\000o\000d\000u\000c\000t\000i\000o\000n}{}% 5
\BOOKMARK [1][]{section.1.1}{\376\377\000O\000b\000j\000e\000c\000t\000i\000v\000e\000s}{chapter.1}% 6
\BOOKMARK [1][]{section.1.2}{\376\377\000O\000u\000t\000l\000i\000n\000e}{chapter.1}% 7
\BOOKMARK [0][]{chapter.2}{\376\377\000T\000h\000e\000\040\000B\000l\000o\000c\000k\000c\000h\000a\000i\000n\000\040\000T\000e\000c\000h\000n\000o\000l\000o\000g\000y}{}% 8
\BOOKMARK [1][]{section.2.1}{\376\377\000W\000h\000a\000t\000\040\000i\000s\000\040\000t\000h\000e\000\040\000B\000l\000o\000c\000k\000c\000h\000a\000i\000n}{chapter.2}% 9
\BOOKMARK [2][]{subsection.2.1.1}{\376\377\000C\000o\000r\000e\000\040\000E\000l\000e\000m\000e\000n\000t\000s\000\040\000o\000f\000\040\000B\000l\000o\000c\000k\000c\000h\000a\000i\000n}{section.2.1}% 10
\BOOKMARK [2][]{subsection.2.1.2}{\376\377\000B\000l\000o\000c\000k\000c\000h\000a\000i\000n\000\040\000A\000r\000c\000h\000i\000t\000e\000c\000t\000u\000r\000e}{section.2.1}% 11
\BOOKMARK [1][]{section.2.2}{\376\377\000H\000o\000w\000\040\000t\000h\000e\000\040\000B\000l\000o\000c\000k\000c\000h\000a\000i\000n\000\040\000w\000o\000r\000k\000s}{chapter.2}% 12
\BOOKMARK [2][]{subsection.2.2.1}{\376\377\000T\000r\000a\000n\000s\000a\000c\000t\000i\000o\000n\000\040\000p\000r\000o\000c\000e\000s\000s}{section.2.2}% 13
\BOOKMARK [2][]{subsection.2.2.2}{\376\377\000B\000l\000o\000c\000k\000c\000h\000a\000i\000n\000\040\000B\000e\000n\000e\000f\000i\000t\000s}{section.2.2}% 14
\BOOKMARK [1][]{section.2.3}{\376\377\000B\000l\000o\000c\000k\000c\000h\000a\000i\000n\000\040\000C\000l\000a\000s\000s\000i\000f\000i\000c\000a\000t\000i\000o\000n}{chapter.2}% 15
\BOOKMARK [2][]{subsection.2.3.1}{\376\377\000T\000y\000p\000e\000s\000\040\000o\000f\000\040\000B\000l\000o\000c\000k\000c\000h\000a\000i\000n\000s}{section.2.3}% 16
\BOOKMARK [2][]{subsection.2.3.2}{\376\377\000T\000y\000p\000e\000s\000\040\000o\000f\000\040\000C\000o\000n\000s\000e\000n\000s\000u\000s\000\040\000M\000e\000c\000h\000a\000n\000i\000s\000m\000s}{section.2.3}% 17
\BOOKMARK [1][]{section.2.4}{\376\377\000B\000i\000t\000c\000o\000i\000n\000\040\000v\000e\000r\000s\000u\000s\000\040\000E\000t\000h\000e\000r\000e\000u\000m}{chapter.2}% 18
\BOOKMARK [2][]{subsection.2.4.1}{\376\377\000B\000i\000t\000c\000o\000i\000n}{section.2.4}% 19
\BOOKMARK [2][]{subsection.2.4.2}{\376\377\000E\000t\000h\000e\000r\000e\000u\000m}{section.2.4}% 20
\BOOKMARK [0][]{chapter.3}{\376\377\000I\000d\000e\000n\000t\000i\000t\000y}{}% 21
\BOOKMARK [0][]{chapter.4}{\376\377\000S\000S\000I}{}% 22
\BOOKMARK [0][]{chapter.5}{\376\377\000C\000r\000y\000p\000t\000o\000g\000r\000a\000p\000h\000y}{}% 23
\BOOKMARK [0][]{chapter.6}{\376\377\000C\000y\000b\000e\000r\000s\000e\000c\000u\000r\000i\000t\000y}{}% 24
\BOOKMARK [0][]{chapter.7}{\376\377\000F\000r\000a\000m\000e\000w\000o\000r\000k}{}% 25
\BOOKMARK [0][]{chapter.8}{\376\377\000I\000n\000t\000e\000g\000r\000a\000t\000i\000o\000n}{}% 26
\BOOKMARK [0][]{chapter.9}{\376\377\000C\000o\000n\000c\000l\000u\000s\000i\000o\000n\000s}{}% 27
